--- Startup times for process: Primary (or UI client) ---

times in msec
 clock   self+sourced   self:  sourced script
 clock   elapsed:              other lines

000.001  000.001: --- NVIM STARTING ---
000.236  000.235: event init
000.372  000.136: early init
000.435  000.064: locale set
000.508  000.073: init first window
001.025  000.517: inits 1
001.034  000.009: window checked
001.037  000.003: parsing arguments
001.659  000.050  000.050: require('vim.shared')
001.774  000.047  000.047: require('vim.inspect')
001.836  000.049  000.049: require('vim._options')
001.838  000.175  000.079: require('vim._editor')
001.840  000.258  000.032: require('vim._init_packages')
001.842  000.547: init lua interpreter
003.396  001.555: nvim_ui_attach
003.846  000.450: nvim_set_client_info
003.849  000.003: --- NVIM STARTED ---

--- Startup times for process: Embedded ---

times in msec
 clock   self+sourced   self:  sourced script
 clock   elapsed:              other lines

000.000  000.000: --- NVIM STARTING ---
000.181  000.180: event init
000.286  000.105: early init
000.328  000.042: locale set
000.375  000.047: init first window
000.782  000.407: inits 1
000.802  000.019: window checked
000.804  000.002: parsing arguments
001.426  000.052  000.052: require('vim.shared')
001.543  000.050  000.050: require('vim.inspect')
001.605  000.049  000.049: require('vim._options')
001.607  000.177  000.078: require('vim._editor')
001.609  000.298  000.069: require('vim._init_packages')
001.610  000.508: init lua interpreter
001.691  000.081: expanding arguments
001.712  000.021: inits 2
002.019  000.307: init highlight
002.020  000.001: waiting for UI
002.195  000.175: done waiting for UI
002.205  000.010: clear screen
002.352  000.010  000.010: require('vim.keymap')
003.242  000.162  000.162: sourcing nvim_exec2()
003.375  001.167  000.995: require('vim._defaults')
003.377  000.005: init default mappings & autocommands
003.913  000.043  000.043: sourcing /usr/share/nvim/runtime/ftplugin.vim
003.990  000.032  000.032: sourcing /usr/share/nvim/runtime/indent.vim
004.133  000.086  000.086: sourcing /usr/share/nvim/archlinux.lua
004.139  000.119  000.033: sourcing /etc/xdg/nvim/sysinit.vim
004.371  000.112  000.112: require('vim.fs')
005.007  000.632  000.632: require('vim.uri')
005.028  000.808  000.064: require('vim.loader')
005.459  000.225  000.225: require('vim.version')
007.406  002.362  002.137: require('core.healthcheck')
007.563  000.153  000.153: require('core.bootstrap')
008.267  000.701  000.701: require('core.options')
009.683  001.410  001.410: require('lazy')
009.732  000.034  000.034: require('ffi')
009.956  000.216  000.216: require('lazy.stats')
010.463  000.482  000.482: require('lazy.core.util')
010.668  000.201  000.201: require('lazy.core.config')
010.854  000.073  000.073: require('lazy.core.handler')
011.182  000.134  000.134: require('lazy.pkg')
011.195  000.209  000.076: require('lazy.core.meta')
011.209  000.352  000.143: require('lazy.core.plugin')
011.230  000.558  000.133: require('lazy.core.loader')
011.925  000.162  000.162: require('lazy.core.fragments')
016.454  000.096  000.096: require('colorizer.color')
016.551  000.092  000.092: require('colorizer.constants')
017.093  000.369  000.369: require('colorizer.trie')
017.515  000.236  000.236: require('colorizer.utils')
017.523  000.425  000.189: require('colorizer.parser.names')
017.642  000.117  000.117: require('colorizer.parser.argb_hex')
017.734  000.089  000.089: require('colorizer.parser.hsl')
017.797  000.059  000.059: require('colorizer.parser.rgb')
017.860  000.061  000.061: require('colorizer.parser.rgba_hex')
017.961  000.098  000.098: require('colorizer.sass')
018.276  000.311  000.311: require('colorizer.parser.xterm')
018.281  001.726  000.198: require('colorizer.matcher')
018.402  000.116  000.116: require('colorizer.tailwind')
018.408  002.211  000.182: require('colorizer.buffer')
018.485  000.075  000.075: require('colorizer.config')
018.501  003.250  000.964: require('colorizer')
019.112  000.085  000.085: require('colorizer.usercmds')
025.139  000.129  000.129: require('lazy.core.handler.event')
025.282  000.132  000.132: require('lazy.core.handler.cmd')
025.358  000.071  000.071: require('lazy.core.handler.ft')
025.459  000.096  000.096: require('lazy.core.handler.keys')
025.711  000.009  000.009: sourcing nvim_exec2() called at /home/mava/dotfiles/nvim/.config/nvim/init.lua:0
025.730  000.002  000.002: sourcing nvim_exec2() called at /home/mava/dotfiles/nvim/.config/nvim/init.lua:0
026.282  000.005  000.005: sourcing nvim_exec2() called at /home/mava/dotfiles/nvim/.config/nvim/init.lua:0
026.301  000.002  000.002: sourcing nvim_exec2() called at /home/mava/dotfiles/nvim/.config/nvim/init.lua:0
026.587  000.004  000.004: sourcing nvim_exec2() called at /home/mava/dotfiles/nvim/.config/nvim/init.lua:0
026.605  000.002  000.002: sourcing nvim_exec2() called at /home/mava/dotfiles/nvim/.config/nvim/init.lua:0
026.809  000.051  000.051: sourcing nvim_exec2() called at /usr/share/nvim/runtime/filetype.lua:0
026.813  000.154  000.102: sourcing /usr/share/nvim/runtime/filetype.lua
026.818  000.188  000.034: sourcing nvim_exec2() called at /home/mava/dotfiles/nvim/.config/nvim/init.lua:0
027.121  000.164  000.164: require('core.keymaps.vim-visual-multi')
027.529  000.005  000.005: sourcing nvim_exec2() called at /home/mava/dotfiles/nvim/.config/nvim/init.lua:0
027.545  000.002  000.002: sourcing nvim_exec2() called at /home/mava/dotfiles/nvim/.config/nvim/init.lua:0
044.938  017.348  017.348: require('impatient')
045.730  000.139  000.139: require('vim.lsp.log')
046.826  001.090  001.090: require('vim.lsp.protocol')
047.051  000.219  000.219: require('vim.lsp.util')
047.248  000.097  000.097: require('vim.lsp.sync')
047.258  000.202  000.105: require('vim.lsp._changetracking')
047.394  000.063  000.063: require('vim.lsp._transport')
047.428  000.167  000.104: require('vim.lsp.rpc')
047.506  002.073  000.255: require('vim.lsp')
048.171  000.662  000.662: require('lspconfig.util')
049.987  004.610  001.876: sourcing /home/mava/.local/share/nvim/lazy/nvim-lspconfig/plugin/lspconfig.lua
050.002  004.669  000.058: sourcing nvim_exec2() called at /home/mava/dotfiles/nvim/.config/nvim/init.lua:0
050.028  000.011  000.011: sourcing nvim_exec2() called at /home/mava/dotfiles/nvim/.config/nvim/init.lua:0
050.049  000.002  000.002: sourcing nvim_exec2() called at /home/mava/dotfiles/nvim/.config/nvim/init.lua:0
050.160  000.003  000.003: sourcing nvim_exec2() called at /home/mava/dotfiles/nvim/.config/nvim/init.lua:0
050.182  000.002  000.002: sourcing nvim_exec2() called at /home/mava/dotfiles/nvim/.config/nvim/init.lua:0
050.561  000.005  000.005: sourcing nvim_exec2() called at /home/mava/dotfiles/nvim/.config/nvim/init.lua:0
050.574  000.001  000.001: sourcing nvim_exec2() called at /home/mava/dotfiles/nvim/.config/nvim/init.lua:0
051.176  000.006  000.006: sourcing nvim_exec2() called at /home/mava/dotfiles/nvim/.config/nvim/init.lua:0
051.214  000.004  000.004: sourcing nvim_exec2() called at /home/mava/dotfiles/nvim/.config/nvim/init.lua:0
052.127  000.007  000.007: sourcing nvim_exec2() called at /home/mava/dotfiles/nvim/.config/nvim/init.lua:0
052.154  000.003  000.003: sourcing nvim_exec2() called at /home/mava/dotfiles/nvim/.config/nvim/init.lua:0
052.598  000.006  000.006: sourcing nvim_exec2() called at /home/mava/dotfiles/nvim/.config/nvim/init.lua:0
052.626  000.004  000.004: sourcing nvim_exec2() called at /home/mava/dotfiles/nvim/.config/nvim/init.lua:0
057.270  004.419  004.419: require('vim.filetype')
059.331  000.091  000.091: require('luasnip.util.types')
059.344  000.199  000.108: require('luasnip.util.ext_opts')
059.716  000.074  000.074: require('luasnip.util.lazy_table')
059.834  000.112  000.112: require('luasnip.extras.filetype_functions')
059.862  000.405  000.218: require('luasnip.default_config')
059.868  000.520  000.116: require('luasnip.session')
059.876  001.923  001.204: require('luasnip.config')
060.605  000.088  000.088: require('luasnip.util.vimversion')
060.624  000.297  000.209: require('luasnip.util.util')
060.805  000.059  000.059: require('luasnip.nodes.key_indexer')
060.892  000.083  000.083: require('luasnip.util.feedkeys')
060.905  000.277  000.134: require('luasnip.nodes.util')
061.090  000.072  000.072: require('luasnip.session.snippet_collection.source')
061.174  000.080  000.080: require('luasnip.util.table')
061.309  000.130  000.130: require('luasnip.util.auto_table')
061.326  000.417  000.135: require('luasnip.session.snippet_collection')
061.620  000.079  000.079: require('luasnip.util.select')
061.686  000.062  000.062: require('luasnip.util.time')
062.598  001.170  001.029: require('luasnip.util._builtin_vars')
062.672  001.344  000.174: require('luasnip.util.environ')
062.799  000.121  000.121: require('luasnip.util.extend_decorator')
063.069  000.141  000.141: require('luasnip.util.path')
063.310  000.126  000.126: require('luasnip.util.log')
063.370  000.295  000.169: require('luasnip.loaders.util')
063.466  000.016  000.016: require('vim.F')
063.476  000.101  000.084: require('luasnip.loaders.data')
063.659  000.179  000.179: require('luasnip.loaders.fs_watchers')
063.670  000.865  000.149: require('luasnip.loaders')
063.724  003.822  000.502: require('luasnip')
063.861  011.094  000.930: sourcing /home/mava/.local/share/nvim/lazy/LuaSnip/plugin/luasnip.lua
063.876  011.163  000.069: sourcing nvim_exec2() called at /home/mava/dotfiles/nvim/.config/nvim/init.lua:0
064.094  000.077  000.077: sourcing /home/mava/.local/share/nvim/lazy/LuaSnip/plugin/luasnip.vim
064.114  000.159  000.082: sourcing nvim_exec2() called at /home/mava/dotfiles/nvim/.config/nvim/init.lua:0
064.134  000.005  000.005: sourcing nvim_exec2() called at /home/mava/dotfiles/nvim/.config/nvim/init.lua:0
064.344  000.003  000.003: sourcing nvim_exec2() called at /home/mava/dotfiles/nvim/.config/nvim/init.lua:0
066.000  000.080  000.080: require('luasnip.session.enqueueable_operations')
066.340  000.031  000.031: require('luasnip.util.events')
066.357  000.112  000.081: require('luasnip.nodes.node')
066.474  000.115  000.115: require('luasnip.nodes.insertNode')
066.528  000.050  000.050: require('luasnip.nodes.textNode')
066.579  000.048  000.048: require('luasnip.util.mark')
066.636  000.055  000.055: require('luasnip.util.pattern_tokenizer')
066.669  000.030  000.030: require('luasnip.util.dict')
066.917  000.009  000.009: require('jsregexp.core')
066.922  000.071  000.062: require('luasnip-jsregexp')
066.924  000.217  000.145: require('luasnip.util.jsregexp')
066.930  000.258  000.041: require('luasnip.nodes.util.trig_engines')
067.017  000.938  000.271: require('luasnip.nodes.snippet')
067.169  000.044  000.044: require('luasnip.util.parser.neovim_ast')
067.211  000.039  000.039: require('luasnip.util.str')
067.268  000.052  000.052: require('luasnip.util.directed_graph')
067.273  000.204  000.069: require('luasnip.util.parser.ast_utils')
067.349  000.075  000.075: require('luasnip.nodes.functionNode')
067.429  000.077  000.077: require('luasnip.nodes.choiceNode')
067.494  000.063  000.063: require('luasnip.nodes.dynamicNode')
067.530  000.034  000.034: require('luasnip.util.functions')
067.536  000.517  000.065: require('luasnip.util.parser.ast_parser')
067.696  000.158  000.158: require('luasnip.util.parser.neovim_parser')
067.703  001.694  000.082: require('luasnip.util.parser')
067.779  000.074  000.074: require('luasnip.nodes.snippetProxy')
067.985  000.202  000.202: require('luasnip.util.jsonc')
068.095  000.052  000.052: require('luasnip.nodes.duplicate')
068.099  000.109  000.057: require('luasnip.loaders.snippet_cache')
068.124  002.377  000.218: require('luasnip.loaders.from_vscode')
080.568  000.070  000.070: require('luasnip.nodes.multiSnippet')
082.813  000.360  000.360: require('cmp.utils.api')
082.893  000.035  000.035: require('cmp.types.cmp')
082.983  000.041  000.041: require('cmp.utils.misc')
083.001  000.105  000.065: require('cmp.types.lsp')
083.033  000.029  000.029: require('cmp.types.vim')
083.035  000.217  000.048: require('cmp.types')
083.065  000.028  000.028: require('cmp.utils.highlight')
083.142  000.030  000.030: require('cmp.utils.debug')
083.156  000.089  000.059: require('cmp.utils.autocmd')
083.456  000.010  000.010: sourcing nvim_exec2() called at /home/mava/.local/share/nvim/lazy/nvim-cmp/plugin/cmp.lua:0
083.462  001.051  000.347: sourcing /home/mava/.local/share/nvim/lazy/nvim-cmp/plugin/cmp.lua
083.467  001.099  000.048: sourcing nvim_exec2() called at /home/mava/dotfiles/nvim/.config/nvim/init.lua:0
083.475  000.002  000.002: sourcing nvim_exec2() called at /home/mava/dotfiles/nvim/.config/nvim/init.lua:0
083.489  000.001  000.001: sourcing nvim_exec2() called at /home/mava/dotfiles/nvim/.config/nvim/init.lua:0
083.739  000.063  000.063: require('cmp.utils.char')
083.747  000.103  000.040: require('cmp.utils.str')
083.872  000.034  000.034: require('cmp.utils.buffer')
083.883  000.100  000.066: require('cmp.utils.keymap')
083.888  000.139  000.039: require('cmp.utils.feedkeys')
084.019  000.044  000.044: require('cmp.config.mapping')
084.050  000.029  000.029: require('cmp.utils.cache')
084.152  000.054  000.054: require('cmp.config.compare')
084.155  000.102  000.049: require('cmp.config.default')
084.173  000.235  000.060: require('cmp.config')
084.189  000.300  000.064: require('cmp.utils.async')
084.253  000.028  000.028: require('cmp.utils.pattern')
084.257  000.066  000.038: require('cmp.context')
084.467  000.093  000.093: require('cmp.utils.snippet')
084.509  000.039  000.039: require('cmp.matcher')
084.516  000.204  000.072: require('cmp.entry')
084.525  000.266  000.062: require('cmp.source')
084.611  000.035  000.035: require('cmp.utils.event')
084.737  000.027  000.027: require('cmp.utils.options')
084.743  000.078  000.051: require('cmp.utils.window')
084.745  000.132  000.054: require('cmp.view.docs_view')
084.813  000.067  000.067: require('cmp.view.custom_entries_view')
084.869  000.053  000.053: require('cmp.view.wildmenu_entries_view')
084.931  000.060  000.060: require('cmp.view.native_entries_view')
084.990  000.057  000.057: require('cmp.view.ghost_text_view')
085.001  000.474  000.071: require('cmp.view')
085.987  002.416  001.068: require('cmp.core')
086.251  000.041  000.041: require('cmp.config.sources')
086.288  000.033  000.033: require('cmp.config.window')
086.342  002.847  000.357: require('cmp')
095.664  000.066  000.066: require('core.keymaps.cmp')
096.614  000.010  000.010: sourcing nvim_exec2() called at /home/mava/dotfiles/nvim/.config/nvim/init.lua:0
096.631  000.002  000.002: sourcing nvim_exec2() called at /home/mava/dotfiles/nvim/.config/nvim/init.lua:0
097.025  000.004  000.004: sourcing nvim_exec2() called at /home/mava/dotfiles/nvim/.config/nvim/init.lua:0
097.059  000.002  000.002: sourcing nvim_exec2() called at /home/mava/dotfiles/nvim/.config/nvim/init.lua:0
097.412  000.023  000.023: sourcing /home/mava/.local/share/nvim/lazy/omnisharp-extended-lsp.nvim/plugin/omnisharp_extended.vim
097.418  000.072  000.049: sourcing nvim_exec2() called at /home/mava/dotfiles/nvim/.config/nvim/init.lua:0
097.435  000.002  000.002: sourcing nvim_exec2() called at /home/mava/dotfiles/nvim/.config/nvim/init.lua:0
097.464  000.002  000.002: sourcing nvim_exec2() called at /home/mava/dotfiles/nvim/.config/nvim/init.lua:0
098.254  000.180  000.180: sourcing /home/mava/.local/share/nvim/lazy/vim-dadbod/plugin/dadbod.vim
098.260  000.222  000.041: sourcing nvim_exec2() called at /home/mava/dotfiles/nvim/.config/nvim/init.lua:0
098.279  000.002  000.002: sourcing nvim_exec2() called at /home/mava/dotfiles/nvim/.config/nvim/init.lua:0
098.331  000.002  000.002: sourcing nvim_exec2() called at /home/mava/dotfiles/nvim/.config/nvim/init.lua:0
098.772  000.004  000.004: sourcing nvim_exec2() called at /home/mava/dotfiles/nvim/.config/nvim/init.lua:0
098.784  000.001  000.001: sourcing nvim_exec2() called at /home/mava/dotfiles/nvim/.config/nvim/init.lua:0
099.301  000.060  000.060: sourcing /home/mava/.local/share/nvim/lazy/mason-tool-installer.nvim/plugin/mason-tool-installer.lua
099.308  000.103  000.043: sourcing nvim_exec2() called at /home/mava/dotfiles/nvim/.config/nvim/init.lua:0
099.317  000.003  000.003: sourcing nvim_exec2() called at /home/mava/dotfiles/nvim/.config/nvim/init.lua:0
099.329  000.001  000.001: sourcing nvim_exec2() called at /home/mava/dotfiles/nvim/.config/nvim/init.lua:0
099.715  000.004  000.004: sourcing nvim_exec2() called at /home/mava/dotfiles/nvim/.config/nvim/init.lua:0
099.729  000.001  000.001: sourcing nvim_exec2() called at /home/mava/dotfiles/nvim/.config/nvim/init.lua:0
100.524  000.211  000.211: require('vim.diagnostic')
100.533  000.663  000.452: require('lsp-zero.setup')
100.535  000.692  000.028: sourcing /home/mava/.local/share/nvim/lazy/lsp-zero.nvim/plugin/lsp-zero.lua
100.541  000.732  000.041: sourcing nvim_exec2() called at /home/mava/dotfiles/nvim/.config/nvim/init.lua:0
100.551  000.004  000.004: sourcing nvim_exec2() called at /home/mava/dotfiles/nvim/.config/nvim/init.lua:0
100.571  000.002  000.002: sourcing nvim_exec2() called at /home/mava/dotfiles/nvim/.config/nvim/init.lua:0
100.755  000.087  000.087: require('lsp-zero.server')
100.849  000.034  000.034: require('lspconfig.async')
100.853  000.095  000.061: require('lspconfig.configs')
100.970  000.041  000.041: require('cmp_nvim_lsp.source')
100.974  000.090  000.049: require('cmp_nvim_lsp')
101.392  000.052  000.052: require('lsp-zero.cmp')
102.055  000.063  000.063: require('lsp-zero.api')
102.062  001.440  001.053: require('lsp-zero')
102.219  000.153  000.153: require('vim.lsp.buf')
102.343  000.030  000.030: require('mason-core.path')
102.483  000.032  000.032: require('mason-core.functional.data')
102.527  000.040  000.040: require('mason-core.functional.function')
102.639  000.105  000.105: require('mason-core.functional.list')
102.706  000.056  000.056: require('mason-core.functional.relation')
102.757  000.045  000.045: require('mason-core.functional.logic')
102.837  000.046  000.046: require('mason-core.functional.number')
102.927  000.057  000.057: require('mason-core.functional.string')
102.985  000.051  000.051: require('mason-core.functional.table')
103.028  000.037  000.037: require('mason-core.functional.type')
103.032  000.637  000.166: require('mason-core.functional')
103.097  000.751  000.114: require('mason-core.platform')
103.257  000.157  000.157: require('mason.settings')
103.268  000.996  000.058: require('mason-core.installer.InstallLocation')
103.542  000.161  000.161: require('mason-core.log')
103.549  000.219  000.058: require('mason-core.EventEmitter')
103.626  000.074  000.074: require('mason-registry.sources')
103.634  000.364  000.071: require('mason-registry')
103.637  001.402  000.043: require('mason')
103.874  000.120  000.120: require('mason.api.command')
103.984  000.038  000.038: require('mason-lspconfig.settings')
103.989  000.108  000.070: require('mason-lspconfig')
104.088  000.083  000.083: require('mason-core.async')
104.214  000.057  000.057: require('mason-core.async.control')
104.279  000.062  000.062: require('mason-core.result')
104.371  000.034  000.034: require('mason-core.async.uv')
104.382  000.100  000.066: require('mason-core.fs')
104.406  000.315  000.096: require('mason-registry.installer')
104.657  000.061  000.061: require('mason-core.optional')
104.915  000.156  000.156: require('mason-core.process')
104.974  000.056  000.056: require('mason-core.spawn')
104.981  000.265  000.054: require('mason-core.installer.managers.powershell')
105.014  000.031  000.031: require('mason.version')
105.018  000.357  000.060: require('mason-core.fetch')
105.065  000.045  000.045: require('mason-core.providers')
105.460  000.162  000.162: require('mason-core.purl')
105.477  000.240  000.078: require('mason-core.package.AbstractPackage')
105.838  000.088  000.088: require('mason-core.installer.compiler.expr')
105.861  000.195  000.107: require('mason-core.installer.compiler.link')
106.175  000.052  000.052: require('mason-core.installer.context.InstallContextCwd')
106.233  000.055  000.055: require('mason-core.installer.context.InstallContextFs')
106.277  000.042  000.042: require('mason-core.installer.context.InstallContextSpawn')
106.347  000.067  000.067: require('mason-core.receipt')
106.454  000.418  000.203: require('mason-core.installer.context')
106.458  000.478  000.060: require('mason-core.installer')
106.486  000.574  000.096: require('mason-core.installer.managers.std')
106.490  000.627  000.052: require('mason-core.installer.compiler.schemas')
106.549  000.058  000.058: require('mason-core.installer.compiler.util')
106.649  001.097  000.218: require('mason-core.installer.compiler')
106.722  000.070  000.070: require('mason-core.installer.linker')
106.732  001.252  000.085: require('mason-core.installer.InstallRunner')
106.794  000.060  000.060: require('mason-core.installer.UninstallRunner')
106.804  001.685  000.132: require('mason-core.package')
106.809  001.742  000.057: require('mason-registry.sources.util')
106.830  002.297  000.093: require('mason-registry.sources.github')
113.050  000.065  000.065: require('mason-lspconfig.mappings')
113.058  000.154  000.089: require('mason-lspconfig.features.automatic_enable')
132.898  000.029  000.029: require('mason-lspconfig.notify')
132.929  000.120  000.091: require('mason-lspconfig.api.command')
132.993  000.061  000.061: require('mason-tool-installer')
133.539  000.073  000.073: require('lsp.shared')
133.604  000.059  000.059: require('core.keymaps.lsp')
133.689  000.035  000.035: require('lsp.servers.lua_ls')
133.738  000.046  000.046: require('lspconfig')
133.827  000.051  000.051: require('vim.iter')
133.839  000.097  000.046: require('lspconfig.configs.lua_ls')
134.169  000.082  000.082: require('lspconfig.manager')
134.207  000.033  000.033: require('lsp.servers.typescript')
134.266  000.056  000.056: require('lspconfig.configs.ts_ls')
134.607  000.037  000.037: require('lsp.servers.python')
134.649  000.037  000.037: require('lspconfig.configs.pyright')
134.758  000.052  000.052: require('lsp.servers.omnisharp')
134.910  000.034  000.034: require('omnisharp_extended/utils')
134.914  000.071  000.036: require('omnisharp_utils')
134.950  000.035  000.035: require('location_utils')
134.985  000.032  000.032: require('generic_command')
134.988  000.180  000.042: require('definition')
135.020  000.030  000.030: require('type_definition')
135.051  000.029  000.029: require('references')
135.081  000.028  000.028: require('implementation')
135.085  000.323  000.057: require('omnisharp_extended')
135.201  000.045  000.045: require('lspconfig.configs.omnisharp')
135.507  000.036  000.036: require('lsp.servers.html')
135.549  000.038  000.038: require('lspconfig.configs.html')
135.668  000.035  000.035: require('lsp.servers.css')
135.716  000.044  000.044: require('lspconfig.configs.cssls')
135.809  000.035  000.035: require('lsp.servers.latex')
135.919  000.106  000.106: require('lspconfig.configs.texlab')
136.145  000.112  000.112: require('lsp.servers.sql')
136.243  000.093  000.093: require('lspconfig.configs.postgres_lsp')
136.348  000.048  000.048: require('lspconfig.configs.sqlls')
136.470  000.040  000.040: require('lspconfig.configs.sqls')
136.566  000.046  000.046: require('lsp.servers.solidity')
136.609  000.037  000.037: require('lspconfig.configs.solidity_ls')
136.870  000.025  000.025: require('null-ls.utils.tbl_flatten')
136.883  000.088  000.064: require('null-ls.utils')
136.976  000.217  000.129: require('null-ls.config')
137.041  000.027  000.027: require('null-ls.helpers.cache')
137.084  000.040  000.040: require('null-ls.helpers.check_exit_code')
137.150  000.064  000.064: require('null-ls.helpers.diagnostics')
137.179  000.026  000.026: require('null-ls.helpers.formatter_factory')
137.257  000.031  000.031: require('null-ls.logger')
137.293  000.034  000.034: require('null-ls.state')
137.297  000.116  000.051: require('null-ls.helpers.generator_factory')
137.358  000.029  000.029: require('null-ls.helpers.command_resolver')
137.360  000.062  000.033: require('null-ls.helpers.make_builtin')
137.391  000.029  000.029: require('null-ls.helpers.range_formatting_args_factory')
137.393  000.415  000.051: require('null-ls.helpers')
137.611  000.143  000.143: require('null-ls.methods')
137.616  000.182  000.039: require('null-ls.diagnostics')
137.624  000.229  000.046: require('null-ls.sources')
137.663  000.036  000.036: require('null-ls.builtins')
137.666  000.945  000.049: require('null-ls')
137.812  000.129  000.129: require('null-ls.builtins.formatting.stylua')
137.883  000.053  000.053: require('null-ls.builtins.formatting.csharpier')
137.935  000.036  000.036: require('null-ls.builtins.formatting.sql_formatter')
138.029  000.081  000.081: require('null-ls.builtins.formatting.sqlfluff')
138.206  000.172  000.172: require('null-ls.builtins.diagnostics.sqlfluff')
138.363  000.043  000.043: require('null-ls.builtins.formatting.black')
139.228  000.067  000.067: require('null-ls.loop')
139.239  000.176  000.110: require('null-ls.client')
139.523  000.034  000.034: sourcing /home/mava/.local/share/nvim/lazy/nightfox.nvim/plugin/nightfox.vim
139.529  000.085  000.051: sourcing nvim_exec2() called at /home/mava/dotfiles/nvim/.config/nvim/init.lua:0
139.578  000.004  000.004: sourcing nvim_exec2() called at /home/mava/dotfiles/nvim/.config/nvim/init.lua:0
139.594  000.002  000.002: sourcing nvim_exec2() called at /home/mava/dotfiles/nvim/.config/nvim/init.lua:0
141.841  000.032  000.032: require('vim.treesitter.language')
141.868  000.022  000.022: require('vim.func')
141.901  000.027  000.027: require('vim.func._memoize')
141.937  000.183  000.100: require('vim.treesitter.query')
141.974  000.035  000.035: require('vim.treesitter._range')
142.016  000.329  000.112: require('vim.treesitter.languagetree')
142.023  000.383  000.053: require('vim.treesitter')
142.027  000.426  000.043: require('nvim-treesitter.compat')
143.161  001.015  001.015: require('nvim-treesitter.parsers')
143.246  000.081  000.081: require('nvim-treesitter.utils')
143.255  001.180  000.083: require('nvim-treesitter.ts_utils')
143.267  001.238  000.058: require('nvim-treesitter.tsrange')
143.313  000.044  000.044: require('nvim-treesitter.caching')
143.334  001.792  000.084: require('nvim-treesitter.query')
143.354  001.891  000.098: require('nvim-treesitter.configs')
143.357  002.344  000.453: require('nvim-treesitter-textobjects')
143.570  000.060  000.060: require('nvim-treesitter.info')
143.651  000.078  000.078: require('nvim-treesitter.shell_command_selectors')
143.683  000.280  000.142: require('nvim-treesitter.install')
143.726  000.041  000.041: require('nvim-treesitter.statusline')
143.783  000.055  000.055: require('nvim-treesitter.query_predicates')
143.786  000.427  000.052: require('nvim-treesitter')
143.887  000.047  000.047: require('nvim-treesitter.textobjects.shared')
143.891  000.098  000.051: require('nvim-treesitter.textobjects.select')
144.035  000.043  000.043: require('nvim-treesitter.textobjects.attach')
144.094  000.056  000.056: require('nvim-treesitter.textobjects.repeatable_move')
144.112  000.166  000.068: require('nvim-treesitter.textobjects.move')
144.842  000.056  000.056: require('nvim-treesitter.textobjects.swap')
145.017  000.063  000.063: require('nvim-treesitter.textobjects.lsp_interop')
145.046  004.049  000.895: sourcing /home/mava/.local/share/nvim/lazy/nvim-treesitter-textobjects/plugin/nvim-treesitter-textobjects.vim
145.052  004.097  000.049: sourcing nvim_exec2() called at /home/mava/.local/share/nvim/lazy/playground/plugin/nvim-treesitter-playground.lua:0
145.066  000.003  000.003: sourcing nvim_exec2() called at /home/mava/.local/share/nvim/lazy/playground/plugin/nvim-treesitter-playground.lua:0
145.081  000.002  000.002: sourcing nvim_exec2() called at /home/mava/.local/share/nvim/lazy/playground/plugin/nvim-treesitter-playground.lua:0
146.266  001.014  001.014: sourcing /home/mava/.local/share/nvim/lazy/nvim-treesitter/plugin/nvim-treesitter.lua
146.274  001.062  000.047: sourcing nvim_exec2() called at /home/mava/.local/share/nvim/lazy/playground/plugin/nvim-treesitter-playground.lua:0
146.286  000.003  000.003: sourcing nvim_exec2() called at /home/mava/.local/share/nvim/lazy/playground/plugin/nvim-treesitter-playground.lua:0
146.305  000.002  000.002: sourcing nvim_exec2() called at /home/mava/.local/share/nvim/lazy/playground/plugin/nvim-treesitter-playground.lua:0
149.920  000.079  000.079: require('nvim-treesitter.highlight')
150.092  000.084  000.084: require('nvim-treesitter.indent')
150.334  000.067  000.067: require('nvim-treesitter.locals')
150.342  000.137  000.069: require('nvim-treesitter.incremental_selection')
150.369  009.943  004.474: require('nvim-treesitter.parsers')
150.374  010.361  000.418: require('nvim-treesitter-playground')
150.476  010.487  000.126: sourcing /home/mava/.local/share/nvim/lazy/playground/plugin/nvim-treesitter-playground.lua
150.486  010.531  000.044: sourcing nvim_exec2() called at /home/mava/dotfiles/nvim/.config/nvim/init.lua:0
150.508  000.005  000.005: sourcing nvim_exec2() called at /home/mava/dotfiles/nvim/.config/nvim/init.lua:0
150.524  000.002  000.002: sourcing nvim_exec2() called at /home/mava/dotfiles/nvim/.config/nvim/init.lua:0
151.155  000.005  000.005: sourcing nvim_exec2() called at /home/mava/dotfiles/nvim/.config/nvim/init.lua:0
151.168  000.001  000.001: sourcing nvim_exec2() called at /home/mava/dotfiles/nvim/.config/nvim/init.lua:0
151.187  000.002  000.002: sourcing nvim_exec2() called at /home/mava/dotfiles/nvim/.config/nvim/init.lua:0
151.196  000.001  000.001: sourcing nvim_exec2() called at /home/mava/dotfiles/nvim/.config/nvim/init.lua:0
151.711  000.508  000.508: require('alpha')
151.794  000.078  000.078: require('alpha.themes.dashboard')
152.271  000.039  000.039: sourcing /home/mava/.local/share/nvim/lazy/nvim-web-devicons/plugin/nvim-web-devicons.vim
152.278  000.085  000.046: sourcing nvim_exec2() called at /home/mava/dotfiles/nvim/.config/nvim/init.lua:0
152.287  000.002  000.002: sourcing nvim_exec2() called at /home/mava/dotfiles/nvim/.config/nvim/init.lua:0
152.307  000.002  000.002: sourcing nvim_exec2() called at /home/mava/dotfiles/nvim/.config/nvim/init.lua:0
152.823  000.438  000.438: require('nvim-web-devicons.filetypes')
153.121  000.245  000.245: require('nvim-web-devicons.default.icons_by_filename')
153.669  000.544  000.544: require('nvim-web-devicons.default.icons_by_file_extension')
153.789  000.117  000.117: require('nvim-web-devicons.default.icons_by_operating_system')
153.838  000.046  000.046: require('nvim-web-devicons.default.icons_by_desktop_environment')
153.883  000.043  000.043: require('nvim-web-devicons.default.icons_by_window_manager')
153.886  001.047  000.051: require('nvim-web-devicons.icons-default')
154.264  002.363  000.790: require('nvim-web-devicons')
155.173  000.906  000.906: require('mini.icons')
155.177  003.311  000.042: require('alpha.utils')
155.242  003.444  000.133: require('alpha.themes.startify')
155.392  000.009  000.009: sourcing nvim_exec2() called at /home/mava/dotfiles/nvim/.config/nvim/init.lua:0
156.679  001.099  001.099: sourcing /home/mava/.local/share/nvim/lazy/toml.nvim/plugin/toml.lua
156.687  001.145  000.046: sourcing nvim_exec2() called at /home/mava/dotfiles/nvim/.config/nvim/init.lua:0
156.699  000.004  000.004: sourcing nvim_exec2() called at /home/mava/dotfiles/nvim/.config/nvim/init.lua:0
156.716  000.001  000.001: sourcing nvim_exec2() called at /home/mava/dotfiles/nvim/.config/nvim/init.lua:0
157.327  000.004  000.004: sourcing nvim_exec2() called at /home/mava/dotfiles/nvim/.config/nvim/init.lua:0
157.339  000.001  000.001: sourcing nvim_exec2() called at /home/mava/dotfiles/nvim/.config/nvim/init.lua:0
157.819  000.035  000.035: sourcing /home/mava/.local/share/nvim/lazy/nvim-colorizer.lua/plugin/colorizer.lua
157.826  000.078  000.043: sourcing nvim_exec2() called at /home/mava/dotfiles/nvim/.config/nvim/init.lua:0
157.834  000.003  000.003: sourcing nvim_exec2() called at /home/mava/dotfiles/nvim/.config/nvim/init.lua:0
157.857  000.002  000.002: sourcing nvim_exec2() called at /home/mava/dotfiles/nvim/.config/nvim/init.lua:0
159.200  000.034  000.034: sourcing /home/mava/.local/share/nvim/lazy/plenary.nvim/plugin/plenary.vim
159.206  000.078  000.043: sourcing nvim_exec2() called at /home/mava/dotfiles/nvim/.config/nvim/init.lua:0
159.215  000.002  000.002: sourcing nvim_exec2() called at /home/mava/dotfiles/nvim/.config/nvim/init.lua:0
159.232  000.001  000.001: sourcing nvim_exec2() called at /home/mava/dotfiles/nvim/.config/nvim/init.lua:0
159.636  000.003  000.003: sourcing nvim_exec2() called at /home/mava/dotfiles/nvim/.config/nvim/init.lua:0
159.647  000.001  000.001: sourcing nvim_exec2() called at /home/mava/dotfiles/nvim/.config/nvim/init.lua:0
160.126  000.004  000.004: sourcing nvim_exec2() called at /home/mava/dotfiles/nvim/.config/nvim/init.lua:0
160.140  000.001  000.001: sourcing nvim_exec2() called at /home/mava/dotfiles/nvim/.config/nvim/init.lua:0
160.548  000.274  000.274: sourcing /home/mava/.local/share/nvim/lazy/telescope.nvim/plugin/telescope.lua
160.555  000.317  000.043: sourcing nvim_exec2() called at /home/mava/dotfiles/nvim/.config/nvim/init.lua:0
160.565  000.003  000.003: sourcing nvim_exec2() called at /home/mava/dotfiles/nvim/.config/nvim/init.lua:0
160.613  000.002  000.002: sourcing nvim_exec2() called at /home/mava/dotfiles/nvim/.config/nvim/init.lua:0
161.230  000.069  000.069: require('telescope._extensions')
161.238  000.613  000.544: require('telescope')
161.373  000.133  000.133: require('telescope.builtin')
161.848  000.041  000.041: require('plenary.bit')
161.891  000.040  000.040: require('plenary.functional')
161.932  000.211  000.130: require('plenary.path')
161.948  000.267  000.056: require('plenary.strings')
162.000  000.050  000.050: require('telescope.deprecated')
162.287  000.143  000.143: require('plenary.log')
162.312  000.219  000.076: require('telescope.log')
162.513  000.035  000.035: require('plenary.compat')
162.525  000.114  000.079: require('plenary.job')
162.577  000.050  000.050: require('telescope.state')
162.587  000.272  000.108: require('telescope.utils')
162.594  000.592  000.101: require('telescope.sorters')
164.972  003.398  002.490: require('telescope.config')
165.167  000.101  000.101: require('plenary.window.border')
165.208  000.037  000.037: require('plenary.window')
165.241  000.030  000.030: require('plenary.popup.utils')
165.245  000.268  000.100: require('plenary.popup')
165.307  000.060  000.060: require('telescope.pickers.scroller')
165.398  000.088  000.088: require('telescope.actions.state')
165.482  000.081  000.081: require('telescope.actions.utils')
165.657  000.059  000.059: require('telescope.actions.mt')
165.676  000.191  000.133: require('telescope.actions.set')
165.796  000.061  000.061: require('telescope.config.resolve')
165.799  000.121  000.060: require('telescope.pickers.entry_display')
165.846  000.045  000.045: require('telescope.from_entry')
166.124  004.747  000.494: require('telescope.actions')
166.232  000.070  000.070: require('telescope.themes')
167.202  000.072  000.072: require('telescope._extensions.ui-select')
167.569  000.051  000.051: require('plenary.tbl')
167.577  000.090  000.039: require('plenary.vararg.rotate')
167.579  000.122  000.032: require('plenary.vararg')
167.610  000.030  000.030: require('plenary.errors')
167.621  000.201  000.050: require('plenary.async.async')
167.759  000.034  000.034: require('plenary.async.structs')
167.767  000.079  000.046: require('plenary.async.control')
167.775  000.121  000.042: require('plenary.async.util')
167.778  000.154  000.033: require('plenary.async.tests')
167.780  000.402  000.046: require('plenary.async')
167.842  000.059  000.059: require('telescope.debounce')
167.961  000.117  000.117: require('telescope.mappings')
168.029  000.064  000.064: require('telescope.pickers.highlights')
168.082  000.051  000.051: require('telescope.pickers.window')
168.203  000.050  000.050: require('telescope.algos.linked_list')
168.209  000.124  000.074: require('telescope.entry_manager')
168.259  000.048  000.048: require('telescope.pickers.multi')
168.277  001.069  000.204: require('telescope.pickers')
168.544  000.205  000.205: require('telescope.make_entry')
168.599  000.052  000.052: require('telescope.finders.async_static_finder')
168.743  000.032  000.032: require('plenary.class')
168.759  000.109  000.077: require('telescope._')
168.761  000.160  000.051: require('telescope.finders.async_oneshot_finder')
168.816  000.054  000.054: require('telescope.finders.async_job_finder')
168.824  000.545  000.075: require('telescope.finders')
168.877  000.045  000.045: require('vim.ui')
168.961  000.073  000.073: require('core.keymaps.telescope')
169.093  000.040  000.040: sourcing /home/mava/.local/share/nvim/lazy/telekasten.nvim/plugin/telekasten.vim
169.099  000.087  000.046: sourcing nvim_exec2() called at /home/mava/dotfiles/nvim/.config/nvim/init.lua:0
169.118  000.003  000.003: sourcing nvim_exec2() called at /home/mava/dotfiles/nvim/.config/nvim/init.lua:0
169.140  000.002  000.002: sourcing nvim_exec2() called at /home/mava/dotfiles/nvim/.config/nvim/init.lua:0
169.230  000.003  000.003: sourcing nvim_exec2() called at /home/mava/dotfiles/nvim/.config/nvim/init.lua:0
169.240  000.001  000.001: sourcing nvim_exec2() called at /home/mava/dotfiles/nvim/.config/nvim/init.lua:0
169.753  000.004  000.004: sourcing nvim_exec2() called at /home/mava/dotfiles/nvim/.config/nvim/init.lua:0
169.765  000.001  000.001: sourcing nvim_exec2() called at /home/mava/dotfiles/nvim/.config/nvim/init.lua:0
170.518  000.203  000.203: sourcing /home/mava/.local/share/nvim/lazy/vim-tmux-navigator/plugin/tmux_navigator.vim
170.525  000.246  000.043: sourcing nvim_exec2() called at /home/mava/dotfiles/nvim/.config/nvim/init.lua:0
170.534  000.002  000.002: sourcing nvim_exec2() called at /home/mava/dotfiles/nvim/.config/nvim/init.lua:0
170.548  000.001  000.001: sourcing nvim_exec2() called at /home/mava/dotfiles/nvim/.config/nvim/init.lua:0
170.995  000.004  000.004: sourcing nvim_exec2() called at /home/mava/dotfiles/nvim/.config/nvim/init.lua:0
171.010  000.001  000.001: sourcing nvim_exec2() called at /home/mava/dotfiles/nvim/.config/nvim/init.lua:0
171.527  000.004  000.004: sourcing nvim_exec2() called at /home/mava/dotfiles/nvim/.config/nvim/init.lua:0
171.540  000.001  000.001: sourcing nvim_exec2() called at /home/mava/dotfiles/nvim/.config/nvim/init.lua:0
172.068  000.004  000.004: sourcing nvim_exec2() called at /home/mava/dotfiles/nvim/.config/nvim/init.lua:0
172.080  000.001  000.001: sourcing nvim_exec2() called at /home/mava/dotfiles/nvim/.config/nvim/init.lua:0
172.729  000.644  000.644: require('oil')
172.799  000.038  000.038: require('oil.ringbuf')
172.879  000.076  000.076: require('oil.config')
174.101  000.047  000.047: require('oil.log')
174.125  000.137  000.090: require('oil.fs')
174.277  000.029  000.029: require('oil.constants')
174.305  000.178  000.149: require('oil.util')
174.362  000.049  000.049: require('core.keymaps.oil')
177.550  000.011  000.011: sourcing nvim_exec2() called at /home/mava/dotfiles/nvim/.config/nvim/init.lua:0
177.570  000.002  000.002: sourcing nvim_exec2() called at /home/mava/dotfiles/nvim/.config/nvim/init.lua:0
178.612  000.004  000.004: sourcing nvim_exec2() called at /home/mava/dotfiles/nvim/.config/nvim/init.lua:0
178.626  000.001  000.001: sourcing nvim_exec2() called at /home/mava/dotfiles/nvim/.config/nvim/init.lua:0
179.117  000.004  000.004: sourcing nvim_exec2() called at /home/mava/dotfiles/nvim/.config/nvim/init.lua:0
179.130  000.001  000.001: sourcing nvim_exec2() called at /home/mava/dotfiles/nvim/.config/nvim/init.lua:0
179.701  000.004  000.004: sourcing nvim_exec2() called at /home/mava/dotfiles/nvim/.config/nvim/init.lua:0
179.713  000.001  000.001: sourcing nvim_exec2() called at /home/mava/dotfiles/nvim/.config/nvim/init.lua:0
179.933  000.145  000.145: sourcing /home/mava/.local/share/nvim/lazy/nvim-dap/plugin/dap.lua
179.940  000.191  000.047: sourcing nvim_exec2() called at /home/mava/dotfiles/nvim/.config/nvim/init.lua:0
179.949  000.003  000.003: sourcing nvim_exec2() called at /home/mava/dotfiles/nvim/.config/nvim/init.lua:0
179.965  000.001  000.001: sourcing nvim_exec2() called at /home/mava/dotfiles/nvim/.config/nvim/init.lua:0
180.678  000.060  000.060: require('dap.utils')
180.743  000.772  000.713: require('dap')
180.881  000.041  000.041: require('nio.tasks')
180.922  000.038  000.038: require('nio.control')
181.061  000.137  000.137: require('nio.uv')
181.102  000.037  000.037: require('nio.tests')
181.145  000.033  000.033: require('nio.ui')
181.210  000.034  000.034: require('nio.streams')
181.212  000.065  000.030: require('nio.file')
181.306  000.024  000.024: require('nio.util')
181.359  000.109  000.085: require('nio.logger')
181.365  000.151  000.042: require('nio.lsp')
181.403  000.036  000.036: require('nio.process')
181.414  000.609  000.070: require('nio')
181.693  000.017  000.017: sourcing nvim_exec2() called at /home/mava/dotfiles/nvim/.config/nvim/init.lua:0
181.698  000.063  000.046: require('dapui.config.highlights')
181.751  000.047  000.047: sourcing nvim_exec2() called at /home/mava/dotfiles/nvim/.config/nvim/init.lua:0
181.895  000.351  000.241: require('dapui.config')
181.906  000.421  000.070: require('dapui.util')
182.001  000.057  000.057: require('dapui.windows.layout')
182.006  000.589  000.111: require('dapui.windows')
182.057  000.049  000.049: require('dapui.controls')
182.062  001.316  000.070: require('dapui')
182.144  000.047  000.047: sourcing nvim_exec2() called at /home/mava/dotfiles/nvim/.config/nvim/init.lua:0
182.455  000.077  000.077: require('dapui.client.types')
182.463  000.141  000.063: require('dapui.client')
182.513  000.048  000.048: require('dap.breakpoints')
182.563  000.037  000.037: require('dapui.client.lib')
182.731  000.070  000.070: require('dapui.render.canvas')
182.735  000.155  000.085: require('dapui.elements.breakpoints')
182.796  000.042  000.042: require('dapui.components.breakpoints')
182.887  000.037  000.037: require('dapui.elements.repl')
182.925  000.034  000.034: require('dapui.elements.scopes')
182.984  000.040  000.040: require('dapui.components.scopes')
183.023  000.037  000.037: require('dapui.components.variables')
183.067  000.029  000.029: require('dapui.elements.stacks')
183.174  000.032  000.032: require('dapui.components.frames')
183.177  000.094  000.062: require('dapui.components.threads')
183.273  000.050  000.050: require('dapui.elements.watches')
183.329  000.038  000.038: require('dapui.components.watches')
183.379  000.031  000.031: require('dapui.elements.hover')
183.467  000.039  000.039: require('dapui.components.hover')
183.514  000.041  000.041: require('dapui.elements.console')
183.930  000.069  000.069: require('dap.ui')
183.954  000.181  000.112: require('dap.repl')
183.978  000.286  000.105: require('core.keymaps.dap')
184.090  000.086  000.086: require('dap-python')
184.248  000.006  000.006: sourcing nvim_exec2() called at /home/mava/dotfiles/nvim/.config/nvim/init.lua:0
184.261  000.002  000.002: sourcing nvim_exec2() called at /home/mava/dotfiles/nvim/.config/nvim/init.lua:0
184.867  000.032  000.032: require('harpoon.utils')
184.872  000.072  000.040: require('harpoon.logger')
184.986  000.033  000.033: require('harpoon.autocmd')
184.990  000.074  000.042: require('harpoon.buffer')
185.040  000.048  000.048: require('harpoon.extensions')
185.044  000.171  000.048: require('harpoon.ui')
185.098  000.052  000.052: require('harpoon.data')
185.157  000.056  000.056: require('harpoon.config')
185.216  000.057  000.057: require('harpoon.list')
185.331  001.065  000.657: require('harpoon')
185.386  000.040  000.040: require('core.keymaps.harpoon')
185.498  000.005  000.005: sourcing nvim_exec2() called at /home/mava/dotfiles/nvim/.config/nvim/init.lua:0
185.511  000.002  000.002: sourcing nvim_exec2() called at /home/mava/dotfiles/nvim/.config/nvim/init.lua:0
186.169  000.033  000.033: require('iron.log')
186.299  000.053  000.053: require('iron.view')
186.334  000.031  000.031: require('iron.visibility')
186.371  000.035  000.035: require('iron.scope')
186.391  000.177  000.058: require('iron.config')
186.472  000.031  000.031: require('iron.fts.clojure')
186.505  000.030  000.030: require('iron.fts.cpp')
186.534  000.027  000.027: require('iron.fts.csh')
186.561  000.025  000.025: require('iron.fts.elixir')
186.591  000.027  000.027: require('iron.fts.elm')
186.620  000.027  000.027: require('iron.fts.erlang')
186.648  000.026  000.026: require('iron.fts.fennel')
186.686  000.036  000.036: require('iron.fts.forth')
186.716  000.028  000.028: require('iron.fts.haskell')
186.743  000.024  000.024: require('iron.fts.hy')
186.771  000.026  000.026: require('iron.fts.janet')
186.802  000.029  000.029: require('iron.fts.javascript')
186.831  000.027  000.027: require('iron.fts.julia')
186.865  000.032  000.032: require('iron.fts.lisp')
186.894  000.027  000.027: require('iron.fts.lua')
186.923  000.027  000.027: require('iron.fts.mma')
186.952  000.027  000.027: require('iron.fts.ocaml')
186.980  000.025  000.025: require('iron.fts.php')
187.009  000.027  000.027: require('iron.fts.prolog')
187.038  000.027  000.027: require('iron.fts.ps1')
187.065  000.025  000.025: require('iron.fts.pure')
187.164  000.028  000.028: require('iron.util.os')
187.193  000.027  000.027: require('iron.util.tables')
187.196  000.101  000.046: require('iron.fts.common')
187.236  000.169  000.068: require('iron.fts.python')
187.282  000.043  000.043: require('iron.fts.r')
187.308  000.024  000.024: require('iron.fts.racket')
187.336  000.026  000.026: require('iron.fts.ruby')
187.367  000.029  000.029: require('iron.fts.sbt')
187.394  000.025  000.025: require('iron.fts.scala')
187.423  000.027  000.027: require('iron.fts.scheme')
187.511  000.086  000.086: require('iron.fts.sh')
187.540  000.026  000.026: require('iron.fts.stata')
187.566  000.024  000.024: require('iron.fts.tcl')
187.594  000.026  000.026: require('iron.fts.typescript')
187.620  000.024  000.024: require('iron.fts.zsh')
187.647  000.024  000.024: require('iron.fts.fish')
187.649  001.256  000.122: require('iron.fts')
187.675  000.025  000.025: require('iron.providers')
187.683  001.510  000.053: require('iron.lowlevel')
187.720  000.034  000.034: require('iron.marks')
187.743  002.222  000.644: require('iron.core')
188.341  000.008  000.008: sourcing nvim_exec2() called at /home/mava/dotfiles/nvim/.config/nvim/init.lua:0
188.355  000.002  000.002: sourcing nvim_exec2() called at /home/mava/dotfiles/nvim/.config/nvim/init.lua:0
189.878  000.277  000.277: sourcing /home/mava/.local/share/nvim/lazy/vim-visual-multi/autoload/vm/plugs.vim
190.594  000.216  000.216: sourcing /home/mava/.local/share/nvim/lazy/vim-visual-multi/autoload/vm/maps.vim
190.809  000.101  000.101: sourcing /home/mava/.local/share/nvim/lazy/vim-visual-multi/autoload/vm/maps/all.vim
193.393  004.431  003.838: sourcing /home/mava/.local/share/nvim/lazy/vim-visual-multi/plugin/visual-multi.vim
193.416  004.494  000.062: sourcing nvim_exec2() called at /home/mava/dotfiles/nvim/.config/nvim/init.lua:0
193.466  000.005  000.005: sourcing nvim_exec2() called at /home/mava/dotfiles/nvim/.config/nvim/init.lua:0
193.520  000.002  000.002: sourcing nvim_exec2() called at /home/mava/dotfiles/nvim/.config/nvim/init.lua:0
193.808  000.006  000.006: sourcing nvim_exec2() called at /home/mava/dotfiles/nvim/.config/nvim/init.lua:0
193.827  000.002  000.002: sourcing nvim_exec2() called at /home/mava/dotfiles/nvim/.config/nvim/init.lua:0
196.405  001.123  001.123: require('refactoring.command')
196.461  001.257  000.134: sourcing /home/mava/.local/share/nvim/lazy/refactoring.nvim/plugin/command.lua
196.472  001.326  000.069: sourcing nvim_exec2() called at /home/mava/dotfiles/nvim/.config/nvim/init.lua:0
196.493  000.008  000.008: sourcing nvim_exec2() called at /home/mava/dotfiles/nvim/.config/nvim/init.lua:0
196.512  000.002  000.002: sourcing nvim_exec2() called at /home/mava/dotfiles/nvim/.config/nvim/init.lua:0
196.923  000.039  000.039: require('refactoring.point')
196.929  000.112  000.073: require('refactoring.region')
196.939  000.186  000.074: require('refactoring.utils')
196.995  000.055  000.055: require('refactoring.pipeline')
197.268  000.075  000.075: require('refactoring.ts-locals')
197.280  000.161  000.086: require('refactoring.treesitter.treesitter')
197.450  000.043  000.043: require('refactoring.query')
197.454  000.111  000.068: require('refactoring.treesitter.nodes')
197.457  000.175  000.064: require('refactoring.treesitter.langs.typescript')
197.508  000.050  000.050: require('refactoring.treesitter.langs.typescriptreact')
197.566  000.054  000.054: require('refactoring.treesitter.langs.cpp')
197.614  000.045  000.045: require('refactoring.treesitter.langs.c')
197.645  000.029  000.029: require('refactoring.treesitter.langs.vue')
197.695  000.048  000.048: require('refactoring.treesitter.langs.go')
197.746  000.049  000.049: require('refactoring.treesitter.langs.lua')
197.807  000.059  000.059: require('refactoring.treesitter.langs.python')
197.871  000.062  000.062: require('refactoring.treesitter.langs.javascript')
197.938  000.064  000.064: require('refactoring.treesitter.langs.php')
198.008  000.066  000.066: require('refactoring.treesitter.langs.java')
198.074  000.062  000.062: require('refactoring.treesitter.langs.cs')
198.154  000.077  000.077: require('refactoring.treesitter.langs.ruby')
198.304  000.076  000.076: require('refactoring.treesitter.langs.powershell')
198.396  000.088  000.088: require('refactoring.treesitter.langs.vimscript')
198.404  001.351  000.187: require('refactoring.treesitter')
198.772  000.057  000.057: require('refactoring.code_generation.utils')
198.849  000.070  000.070: require('refactoring.code_generation.langs.typescript')
198.858  000.204  000.076: require('refactoring.code_generation.langs.typescriptreact')
198.861  000.259  000.055: require('refactoring.code_generation.langs.javascript')
198.911  000.047  000.047: require('refactoring.code_generation.langs.vue')
198.979  000.064  000.064: require('refactoring.code_generation.langs.lua')
199.060  000.076  000.076: require('refactoring.code_generation.langs.go')
199.164  000.100  000.100: require('refactoring.code_generation.langs.cpp')
199.239  000.070  000.070: require('refactoring.code_generation.langs.c')
199.313  000.070  000.070: require('refactoring.code_generation.langs.python')
199.388  000.070  000.070: require('refactoring.code_generation.langs.php')
199.461  000.069  000.069: require('refactoring.code_generation.langs.java')
199.524  000.059  000.059: require('refactoring.code_generation.langs.cs')
199.591  000.063  000.063: require('refactoring.code_generation.langs.ruby')
199.658  000.063  000.063: require('refactoring.code_generation.langs.powershell')
199.713  000.051  000.051: require('refactoring.code_generation.langs.vimscript')
199.719  001.182  000.121: require('refactoring.code_generation')
199.823  001.362  000.180: require('refactoring.config')
199.832  001.423  000.061: require('refactoring.ui')
199.843  002.845  000.071: require('refactoring.tasks')
199.908  000.062  000.062: require('refactoring.text_edits_utils')
199.976  000.061  000.061: require('refactoring.indent')
200.036  000.055  000.055: require('refactoring.notify')
200.051  003.396  000.131: require('refactoring.refactor.106')
200.146  000.091  000.091: require('refactoring.refactor.115')
200.225  000.074  000.074: require('refactoring.refactor.119')
200.290  000.061  000.061: require('refactoring.refactor.123')
200.298  003.694  000.072: require('refactoring.refactor')
200.491  000.055  000.055: require('refactoring.debug.debug_utils')
200.502  000.131  000.076: require('refactoring.debug.printf')
200.566  000.061  000.061: require('refactoring.debug.print_var')
200.624  000.054  000.054: require('refactoring.debug.cleanup')
200.634  000.327  000.081: require('refactoring.debug')
200.637  004.099  000.077: require('refactoring')
201.008  000.093  000.093: require('telescope._extensions.refactoring')
201.158  000.142  000.142: require('core.keymaps.refactoring')
201.774  000.383  000.383: sourcing /home/mava/.local/share/nvim/lazy/undotree/plugin/undotree.vim
201.783  000.450  000.068: sourcing nvim_exec2() called at /home/mava/dotfiles/nvim/.config/nvim/init.lua:0
201.798  000.004  000.004: sourcing nvim_exec2() called at /home/mava/dotfiles/nvim/.config/nvim/init.lua:0
201.820  000.003  000.003: sourcing nvim_exec2() called at /home/mava/dotfiles/nvim/.config/nvim/init.lua:0
202.316  000.384  000.384: require('core.keymaps.undotree')
203.353  000.005  000.005: sourcing nvim_exec2() called at /home/mava/dotfiles/nvim/.config/nvim/init.lua:0
203.366  000.001  000.001: sourcing nvim_exec2() called at /home/mava/dotfiles/nvim/.config/nvim/init.lua:0
203.920  000.004  000.004: sourcing nvim_exec2() called at /home/mava/dotfiles/nvim/.config/nvim/init.lua:0
203.944  000.002  000.002: sourcing nvim_exec2() called at /home/mava/dotfiles/nvim/.config/nvim/init.lua:0
204.140  000.052  000.052: sourcing /usr/share/nvim/runtime/plugin/editorconfig.lua
204.148  000.090  000.038: sourcing nvim_exec2() called at /home/mava/dotfiles/nvim/.config/nvim/init.lua:0
204.368  000.181  000.181: sourcing /usr/share/nvim/runtime/plugin/gzip.vim
204.375  000.216  000.035: sourcing nvim_exec2() called at /home/mava/dotfiles/nvim/.config/nvim/init.lua:0
204.509  000.077  000.077: sourcing /usr/share/nvim/runtime/plugin/man.lua
204.518  000.130  000.053: sourcing nvim_exec2() called at /home/mava/dotfiles/nvim/.config/nvim/init.lua:0
205.911  000.205  000.205: sourcing /usr/share/nvim/runtime/pack/dist/opt/matchit/plugin/matchit.vim
205.946  001.378  001.174: sourcing /usr/share/nvim/runtime/plugin/matchit.vim
205.954  001.425  000.047: sourcing nvim_exec2() called at /home/mava/dotfiles/nvim/.config/nvim/init.lua:0
206.188  000.185  000.185: sourcing /usr/share/nvim/runtime/plugin/matchparen.vim
206.194  000.222  000.037: sourcing nvim_exec2() called at /home/mava/dotfiles/nvim/.config/nvim/init.lua:0
206.242  000.012  000.012: sourcing /usr/share/nvim/runtime/plugin/netrwPlugin.vim
206.249  000.046  000.034: sourcing nvim_exec2() called at /home/mava/dotfiles/nvim/.config/nvim/init.lua:0
206.349  000.054  000.054: sourcing /usr/share/nvim/runtime/plugin/osc52.lua
206.357  000.087  000.033: sourcing nvim_exec2() called at /home/mava/dotfiles/nvim/.config/nvim/init.lua:0
206.567  000.158  000.158: sourcing /usr/share/nvim/runtime/plugin/rplugin.vim
206.573  000.192  000.034: sourcing nvim_exec2() called at /home/mava/dotfiles/nvim/.config/nvim/init.lua:0
206.673  000.065  000.065: sourcing /usr/share/nvim/runtime/plugin/shada.vim
206.678  000.096  000.031: sourcing nvim_exec2() called at /home/mava/dotfiles/nvim/.config/nvim/init.lua:0
206.756  000.022  000.022: sourcing /usr/share/nvim/runtime/plugin/spellfile.vim
206.761  000.067  000.045: sourcing nvim_exec2() called at /home/mava/dotfiles/nvim/.config/nvim/init.lua:0
206.903  000.097  000.097: sourcing /usr/share/nvim/runtime/plugin/tarPlugin.vim
206.908  000.134  000.037: sourcing nvim_exec2() called at /home/mava/dotfiles/nvim/.config/nvim/init.lua:0
207.082  000.078  000.078: sourcing /usr/share/nvim/runtime/plugin/tohtml.lua
207.088  000.119  000.041: sourcing nvim_exec2() called at /home/mava/dotfiles/nvim/.config/nvim/init.lua:0
207.163  000.024  000.024: sourcing /usr/share/nvim/runtime/plugin/tutor.vim
207.168  000.074  000.050: sourcing nvim_exec2() called at /home/mava/dotfiles/nvim/.config/nvim/init.lua:0
207.353  000.151  000.151: sourcing /usr/share/nvim/runtime/plugin/zipPlugin.vim
207.359  000.185  000.034: sourcing nvim_exec2() called at /home/mava/dotfiles/nvim/.config/nvim/init.lua:0
207.694  000.052  000.052: require('cmp_nvim_lua')
207.745  000.133  000.081: sourcing /home/mava/.local/share/nvim/lazy/cmp-nvim-lua/after/plugin/cmp_nvim_lua.lua
207.754  000.195  000.062: sourcing nvim_exec2() called at /home/mava/dotfiles/nvim/.config/nvim/init.lua:0
208.164  000.078  000.078: require('cmp_buffer.timer')
208.173  000.164  000.086: require('cmp_buffer.buffer')
208.178  000.258  000.094: require('cmp_buffer.source')
208.183  000.306  000.048: require('cmp_buffer')
208.232  000.381  000.075: sourcing /home/mava/.local/share/nvim/lazy/cmp-buffer/after/plugin/cmp_buffer.lua
208.242  000.437  000.056: sourcing nvim_exec2() called at /home/mava/dotfiles/nvim/.config/nvim/init.lua:0
208.503  000.135  000.135: require('cmp_luasnip')
208.571  000.232  000.097: sourcing /home/mava/.local/share/nvim/lazy/cmp_luasnip/after/plugin/cmp_luasnip.lua
208.581  000.286  000.054: sourcing nvim_exec2() called at /home/mava/dotfiles/nvim/.config/nvim/init.lua:0
208.694  000.032  000.032: sourcing /home/mava/.local/share/nvim/lazy/cmp-nvim-lsp/after/plugin/cmp_nvim_lsp.lua
208.700  000.077  000.046: sourcing nvim_exec2() called at /home/mava/dotfiles/nvim/.config/nvim/init.lua:0
209.115  000.360  000.360: require('core.keymaps.core')
209.202  000.082  000.082: require('core.keymaps.fileactions')
210.213  001.008  001.008: require('core.keymaps.navigation')
210.431  000.215  000.215: require('core.keymaps.visualkeys')
210.585  000.065  000.065: require('Raphael.colors')
210.686  000.048  000.048: require('Raphael.toml_parser')
210.695  000.106  000.058: require('Raphael.scripts.loader')
210.747  000.050  000.050: require('Raphael.scripts.autocmds')
210.860  000.045  000.045: require('Raphael.scripts.picker')
210.922  000.059  000.059: require('Raphael.scripts.cycler')
210.987  000.063  000.063: require('Raphael.scripts.preview')
211.026  000.277  000.110: require('Raphael.keymaps')
211.079  000.050  000.050: require('Raphael.scripts.cmds')
211.088  000.653  000.105: require('Raphael')
211.449  207.267  095.877: sourcing /home/mava/.config/nvim/init.lua
211.461  000.622: sourcing vimrc file(s)
213.149  000.053  000.053: sourcing /usr/share/nvim/runtime/filetype.lua
213.925  000.118  000.118: sourcing /usr/share/nvim/runtime/syntax/synload.vim
214.057  000.725  000.608: sourcing /usr/share/nvim/runtime/syntax/syntax.vim
214.080  001.840: inits 3
218.302  004.222: reading ShaDa
220.466  000.100  000.100: require('luasnip.loaders.from_lua')
220.544  000.071  000.071: require('luasnip.loaders.from_snipmate')
220.715  002.242: opening buffers
220.747  000.032: BufEnter autocommands
220.749  000.002: editing files in windows
221.036  000.028  000.028: sourcing /home/mava/.local/share/nvim/lazy/which-key.nvim/plugin/which-key.lua
221.045  000.082  000.055: sourcing nvim_exec2() called at VimEnter Autocommands for "*":0
221.057  000.004  000.004: sourcing nvim_exec2() called at VimEnter Autocommands for "*":0
221.077  000.002  000.002: sourcing nvim_exec2() called at VimEnter Autocommands for "*":0
221.784  000.690  000.690: require('which-key')
222.001  000.036  000.036: sourcing /home/mava/.local/share/nvim/lazy/todo-comments.nvim/plugin/todo.vim
222.008  000.082  000.046: sourcing nvim_exec2() called at VimEnter Autocommands for "*":0
222.017  000.002  000.002: sourcing nvim_exec2() called at VimEnter Autocommands for "*":0
222.029  000.001  000.001: sourcing nvim_exec2() called at VimEnter Autocommands for "*":0
223.064  000.041  000.041: require('todo-comments.util')
223.080  000.131  000.089: require('todo-comments.config')
223.237  000.082  000.082: require('todo-comments.highlight')
223.243  000.160  000.078: require('todo-comments.jump')
223.248  001.178  000.888: require('todo-comments')
223.486  000.012  000.012: sourcing nvim_exec2() called at VimEnter Autocommands for "*":0
223.497  000.005  000.005: sourcing nvim_exec2() called at VimEnter Autocommands for "*":0
223.506  000.003  000.003: sourcing nvim_exec2() called at VimEnter Autocommands for "*":0
223.663  000.010  000.010: sourcing nvim_exec2() called at VimEnter Autocommands for "*":0
223.676  000.005  000.005: sourcing nvim_exec2() called at VimEnter Autocommands for "*":0
223.693  000.006  000.006: sourcing nvim_exec2() called at VimEnter Autocommands for "*":0
223.710  000.004  000.004: sourcing nvim_exec2() called at VimEnter Autocommands for "*":0
223.716  000.003  000.003: sourcing nvim_exec2() called at VimEnter Autocommands for "*":0
223.720  000.002  000.002: sourcing nvim_exec2() called at VimEnter Autocommands for "*":0
223.730  000.002  000.002: sourcing nvim_exec2() called at VimEnter Autocommands for "*":0
223.734  000.002  000.002: sourcing nvim_exec2() called at VimEnter Autocommands for "*":0
223.739  000.002  000.002: sourcing nvim_exec2() called at VimEnter Autocommands for "*":0
223.748  000.003  000.003: sourcing nvim_exec2() called at VimEnter Autocommands for "*":0
223.753  000.002  000.002: sourcing nvim_exec2() called at VimEnter Autocommands for "*":0
223.757  000.002  000.002: sourcing nvim_exec2() called at VimEnter Autocommands for "*":0
223.771  000.003  000.003: sourcing nvim_exec2() called at VimEnter Autocommands for "*":0
223.775  000.002  000.002: sourcing nvim_exec2() called at VimEnter Autocommands for "*":0
223.779  000.002  000.002: sourcing nvim_exec2() called at VimEnter Autocommands for "*":0
223.838  000.004  000.004: sourcing nvim_exec2() called at VimEnter Autocommands for "*":0
223.843  000.002  000.002: sourcing nvim_exec2() called at VimEnter Autocommands for "*":0
223.847  000.002  000.002: sourcing nvim_exec2() called at VimEnter Autocommands for "*":0
223.911  000.029  000.029: sourcing nvim_exec2() called at VimEnter Autocommands for "*":0
224.031  000.091  000.091: require('vim.treesitter.highlighter')
234.993  012.005: VimEnter autocommands
235.660  000.100  000.100: require('vim.termcap')
235.751  000.069  000.069: require('vim.text')
235.802  000.639: UIEnter autocommands
235.806  000.004: before starting main loop
245.900  010.094: first screen update
245.906  000.006: --- NVIM STARTED ---

